<?xml version="1.0" encoding="UTF-8"?>
<testng-results skipped="0" failed="0" total="0" passed="0">
  <reporter-output>
  </reporter-output>
  <suite name="Default suite" duration-ms="2432" started-at="2017-05-25T19:10:30Z" finished-at="2017-05-25T19:10:32Z">
    <groups>
    </groups>
    <test name="Default test" duration-ms="2432" started-at="2017-05-25T19:10:30Z" finished-at="2017-05-25T19:10:32Z">
      <class name="AddClicks.TestAddClicks">
        <test-method status="PASS" signature="beoreTest()[pri:0, instance:AddClicks.TestAddClicks@5b275dab]" name="beoreTest" is-config="true" duration-ms="2308" started-at="2017-05-25T15:10:30Z" finished-at="2017-05-25T15:10:32Z">
          <reporter-output>
          </reporter-output>
        </test-method> <!-- beoreTest -->
      </class> <!-- AddClicks.TestAddClicks -->
    </test> <!-- Default test -->
  </suite> <!-- Default suite -->
</testng-results>
